{"/home/psone/exercism/javascript/coordinate-transformation/coordinate-transformation.js": {"path":"/home/psone/exercism/javascript/coordinate-transformation/coordinate-transformation.js","statementMap":{"0":{"start":{"line":18,"column":2},"end":{"line":23,"column":3}},"1":{"start":{"line":19,"column":14},"end":{"line":19,"column":21}},"2":{"start":{"line":20,"column":4},"end":{"line":20,"column":18}},"3":{"start":{"line":21,"column":4},"end":{"line":21,"column":18}},"4":{"start":{"line":22,"column":4},"end":{"line":22,"column":16}},"5":{"start":{"line":40,"column":14},"end":{"line":40,"column":22}},"6":{"start":{"line":41,"column":2},"end":{"line":45,"column":3}},"7":{"start":{"line":42,"column":4},"end":{"line":42,"column":18}},"8":{"start":{"line":43,"column":4},"end":{"line":43,"column":18}},"9":{"start":{"line":44,"column":4},"end":{"line":44,"column":16}},"10":{"start":{"line":59,"column":2},"end":{"line":62,"column":3}},"11":{"start":{"line":60,"column":19},"end":{"line":60,"column":26}},"12":{"start":{"line":61,"column":4},"end":{"line":61,"column":38}},"13":{"start":{"line":77,"column":2},"end":{"line":77,"column":61}}},"fnMap":{"0":{"name":"translate2d","decl":{"start":{"line":17,"column":16},"end":{"line":17,"column":27}},"loc":{"start":{"line":17,"column":36},"end":{"line":24,"column":1}},"line":17},"1":{"name":"initialCoords","decl":{"start":{"line":18,"column":18},"end":{"line":18,"column":31}},"loc":{"start":{"line":18,"column":38},"end":{"line":23,"column":3}},"line":18},"2":{"name":"scale2d","decl":{"start":{"line":39,"column":16},"end":{"line":39,"column":23}},"loc":{"start":{"line":39,"column":32},"end":{"line":46,"column":1}},"line":39},"3":{"name":"initialCoords","decl":{"start":{"line":41,"column":18},"end":{"line":41,"column":31}},"loc":{"start":{"line":41,"column":38},"end":{"line":45,"column":3}},"line":41},"4":{"name":"composeTransform","decl":{"start":{"line":58,"column":16},"end":{"line":58,"column":32}},"loc":{"start":{"line":58,"column":41},"end":{"line":63,"column":1}},"line":58},"5":{"name":"someFunc","decl":{"start":{"line":59,"column":18},"end":{"line":59,"column":26}},"loc":{"start":{"line":59,"column":32},"end":{"line":62,"column":3}},"line":59},"6":{"name":"memoizeTransform","decl":{"start":{"line":76,"column":16},"end":{"line":76,"column":32}},"loc":{"start":{"line":76,"column":36},"end":{"line":78,"column":1}},"line":76}},"branchMap":{},"s":{"0":2,"1":1,"2":1,"3":1,"4":1,"5":2,"6":2,"7":1,"8":1,"9":1,"10":1,"11":1,"12":1,"13":0},"f":{"0":2,"1":1,"2":2,"3":1,"4":1,"5":1,"6":0},"b":{},"_coverageSchema":"1a1c01bbd47fc00a2c39e90264f33305004495a9","hash":"f899fb35e2e03f5cededa75066cd14cef5d0a337"}
}
